This is pdfTeX, Version 3.14159265-2.6-1.40.20 (MiKTeX 2.9.7000 64-bit) (preloaded format=pdflatex 2019.5.12)  10 OCT 2019 20:47
entering extended mode
**./report_STA490_xijin.tex
(report_STA490_xijin.tex
LaTeX2e <2018-12-01>
("C:\Users\chenx\AppData\Local\Programs\MiKTeX 2.9\tex/latex/base\article.cls"
Document Class: article 2018/09/03 v1.4i Standard LaTeX document class
("C:\Users\chenx\AppData\Local\Programs\MiKTeX 2.9\tex/latex/base\size11.clo"
File: size11.clo 2018/09/03 v1.4i Standard LaTeX file (size option)
)
\c@part=\count80
\c@section=\count81
\c@subsection=\count82
\c@subsubsection=\count83
\c@paragraph=\count84
\c@subparagraph=\count85
\c@figure=\count86
\c@table=\count87
\abovecaptionskip=\skip41
\belowcaptionskip=\skip42
\bibindent=\dimen102
)
("C:\Users\chenx\AppData\Local\Programs\MiKTeX 2.9\tex/latex/graphics\graphicx.
sty"
Package: graphicx 2017/06/01 v1.1a Enhanced LaTeX Graphics (DPC,SPQR)

("C:\Users\chenx\AppData\Local\Programs\MiKTeX 2.9\tex/latex/graphics\keyval.st
y"
Package: keyval 2014/10/28 v1.15 key=value parser (DPC)
\KV@toks@=\toks14
)
("C:\Users\chenx\AppData\Local\Programs\MiKTeX 2.9\tex/latex/graphics\graphics.
sty"
Package: graphics 2017/06/25 v1.2c Standard LaTeX Graphics (DPC,SPQR)

("C:\Users\chenx\AppData\Local\Programs\MiKTeX 2.9\tex/latex/graphics\trig.sty"
Package: trig 2016/01/03 v1.10 sin cos tan (DPC)
)
("C:\Users\chenx\AppData\Local\Programs\MiKTeX 2.9\tex/latex/graphics-cfg\graph
ics.cfg"
File: graphics.cfg 2016/06/04 v1.11 sample graphics configuration
)
Package graphics Info: Driver file: pdftex.def on input line 99.

("C:\Users\chenx\AppData\Local\Programs\MiKTeX 2.9\tex/latex/graphics-def\pdfte
x.def"
File: pdftex.def 2018/01/08 v1.0l Graphics/color driver for pdftex
))
\Gin@req@height=\dimen103
\Gin@req@width=\dimen104
)
("C:\Users\chenx\AppData\Local\Programs\MiKTeX 2.9\tex/latex/graphics\color.sty
"
Package: color 2016/07/10 v1.1e Standard LaTeX Color (DPC)

("C:\Users\chenx\AppData\Local\Programs\MiKTeX 2.9\tex/latex/graphics-cfg\color
.cfg"
File: color.cfg 2016/01/02 v1.6 sample color configuration
)
Package color Info: Driver file: pdftex.def on input line 147.
)
("C:\Users\chenx\AppData\Local\Programs\MiKTeX 2.9\tex/latex/framed\framed.sty"
Package: framed 2011/10/22 v 0.96: framed or shaded text with page breaks
\OuterFrameSep=\skip43
\fb@frw=\dimen105
\fb@frh=\dimen106
\FrameRule=\dimen107
\FrameSep=\dimen108
) ("C:\Users\chenx\AppData\Local\Programs\MiKTeX 2.9\tex/latex/base\alltt.sty"
Package: alltt 1997/06/16 v2.0g defines alltt environment
)
("C:\Users\chenx\AppData\Local\Programs\MiKTeX 2.9\tex/latex/tools\indentfirst.
sty"
Package: indentfirst 1995/11/23 v1.03 Indent first paragraph (DPC)
)
("C:\Users\chenx\AppData\Local\Programs\MiKTeX 2.9\tex/latex/tools\verbatim.sty
"
Package: verbatim 2014/10/28 v1.5q LaTeX2e package for verbatim enhancements
\every@verbatim=\toks15
\verbatim@line=\toks16
\verbatim@in@stream=\read1
)
("C:\Users\chenx\AppData\Local\Programs\MiKTeX 2.9\tex/latex/geometry\geometry.
sty"
Package: geometry 2018/04/16 v5.8 Page Geometry

("C:\Users\chenx\AppData\Local\Programs\MiKTeX 2.9\tex/generic/oberdiek\ifpdf.s
ty"
Package: ifpdf 2018/09/07 v3.3 Provides the ifpdf switch
)
("C:\Users\chenx\AppData\Local\Programs\MiKTeX 2.9\tex/generic/oberdiek\ifvtex.
sty"
Package: ifvtex 2016/05/16 v1.6 Detect VTeX and its facilities (HO)
Package ifvtex Info: VTeX not detected.
)
("C:\Users\chenx\AppData\Local\Programs\MiKTeX 2.9\tex/generic/ifxetex\ifxetex.
sty"
Package: ifxetex 2010/09/12 v0.6 Provides ifxetex conditional
)
\Gm@cnth=\count88
\Gm@cntv=\count89
\c@Gm@tempcnt=\count90
\Gm@bindingoffset=\dimen109
\Gm@wd@mp=\dimen110
\Gm@odd@mp=\dimen111
\Gm@even@mp=\dimen112
\Gm@layoutwidth=\dimen113
\Gm@layoutheight=\dimen114
\Gm@layouthoffset=\dimen115
\Gm@layoutvoffset=\dimen116
\Gm@dimlist=\toks17

("C:\Users\chenx\AppData\Local\Programs\MiKTeX 2.9\tex/latex/geometry\geometry.
cfg")) ("C:\Users\chenx\AppData\Local\Programs\MiKTeX 2.9\tex/latex/url\url.sty
"
\Urlmuskip=\muskip10
Package: url 2013/09/16  ver 3.4  Verb mode for urls, etc.
)
("C:\Users\chenx\AppData\Local\Programs\MiKTeX 2.9\tex/latex/hyperref\hyperref.
sty"
Package: hyperref 2018/11/30 v6.88e Hypertext links for LaTeX

("C:\Users\chenx\AppData\Local\Programs\MiKTeX 2.9\tex/generic/oberdiek\hobsub-
hyperref.sty"
Package: hobsub-hyperref 2016/05/16 v1.14 Bundle oberdiek, subset hyperref (HO)


("C:\Users\chenx\AppData\Local\Programs\MiKTeX 2.9\tex/generic/oberdiek\hobsub-
generic.sty"
Package: hobsub-generic 2016/05/16 v1.14 Bundle oberdiek, subset generic (HO)
Package: hobsub 2016/05/16 v1.14 Construct package bundles (HO)
Package: infwarerr 2016/05/16 v1.4 Providing info/warning/error messages (HO)
Package: ltxcmds 2016/05/16 v1.23 LaTeX kernel commands for general use (HO)
Package: ifluatex 2016/05/16 v1.4 Provides the ifluatex switch (HO)
Package ifluatex Info: LuaTeX not detected.
Package hobsub Info: Skipping package `ifvtex' (already loaded).
Package: intcalc 2016/05/16 v1.2 Expandable calculations with integers (HO)
Package hobsub Info: Skipping package `ifpdf' (already loaded).
Package: etexcmds 2016/05/16 v1.6 Avoid name clashes with e-TeX commands (HO)
Package: kvsetkeys 2016/05/16 v1.17 Key value parser (HO)
Package: kvdefinekeys 2016/05/16 v1.4 Define keys (HO)
Package: pdftexcmds 2018/09/10 v0.29 Utility functions of pdfTeX for LuaTeX (HO
)
Package pdftexcmds Info: LuaTeX not detected.
Package pdftexcmds Info: \pdf@primitive is available.
Package pdftexcmds Info: \pdf@ifprimitive is available.
Package pdftexcmds Info: \pdfdraftmode found.
Package: pdfescape 2016/05/16 v1.14 Implements pdfTeX's escape features (HO)
Package: bigintcalc 2016/05/16 v1.4 Expandable calculations on big integers (HO
)
Package: bitset 2016/05/16 v1.2 Handle bit-vector datatype (HO)
Package: uniquecounter 2016/05/16 v1.3 Provide unlimited unique counter (HO)
)
Package hobsub Info: Skipping package `hobsub' (already loaded).
Package: letltxmacro 2016/05/16 v1.5 Let assignment for LaTeX macros (HO)
Package: hopatch 2016/05/16 v1.3 Wrapper for package hooks (HO)
Package: xcolor-patch 2016/05/16 xcolor patch
Package: atveryend 2016/05/16 v1.9 Hooks at the very end of document (HO)
Package atveryend Info: \enddocument detected (standard20110627).
Package: atbegshi 2016/06/09 v1.18 At begin shipout hook (HO)
Package: refcount 2016/05/16 v3.5 Data extraction from label references (HO)
Package: hycolor 2016/05/16 v1.8 Color options for hyperref/bookmark (HO)
)
("C:\Users\chenx\AppData\Local\Programs\MiKTeX 2.9\tex/latex/oberdiek\auxhook.s
ty"
Package: auxhook 2016/05/16 v1.4 Hooks for auxiliary files (HO)
)
("C:\Users\chenx\AppData\Local\Programs\MiKTeX 2.9\tex/latex/oberdiek\kvoptions
.sty"
Package: kvoptions 2016/05/16 v3.12 Key value format for package options (HO)
)
\@linkdim=\dimen117
\Hy@linkcounter=\count91
\Hy@pagecounter=\count92

("C:\Users\chenx\AppData\Local\Programs\MiKTeX 2.9\tex/latex/hyperref\pd1enc.de
f"
File: pd1enc.def 2018/11/30 v6.88e Hyperref: PDFDocEncoding definition (HO)
Now handling font encoding PD1 ...
... no UTF-8 mapping file for font encoding PD1
)
\Hy@SavedSpaceFactor=\count93

("C:\Users\chenx\AppData\Local\Programs\MiKTeX 2.9\tex/latex/00miktex\hyperref.
cfg"
File: hyperref.cfg 2002/06/06 v1.2 hyperref configuration of TeXLive
)
Package hyperref Info: Hyper figures OFF on input line 4519.
Package hyperref Info: Link nesting OFF on input line 4524.
Package hyperref Info: Hyper index ON on input line 4527.
Package hyperref Info: Plain pages OFF on input line 4534.
Package hyperref Info: Backreferencing OFF on input line 4539.
Package hyperref Info: Implicit mode ON; LaTeX internals redefined.
Package hyperref Info: Bookmarks ON on input line 4772.
\c@Hy@tempcnt=\count94
LaTeX Info: Redefining \url on input line 5125.
\XeTeXLinkMargin=\dimen118
\Fld@menulength=\count95
\Field@Width=\dimen119
\Fld@charsize=\dimen120
Package hyperref Info: Hyper figures OFF on input line 6380.
Package hyperref Info: Link nesting OFF on input line 6385.
Package hyperref Info: Hyper index ON on input line 6388.
Package hyperref Info: backreferencing OFF on input line 6395.
Package hyperref Info: Link coloring OFF on input line 6400.
Package hyperref Info: Link coloring with OCG OFF on input line 6405.
Package hyperref Info: PDF/A mode OFF on input line 6410.
LaTeX Info: Redefining \ref on input line 6450.
LaTeX Info: Redefining \pageref on input line 6454.
\Hy@abspage=\count96
\c@Item=\count97
\c@Hfootnote=\count98
)
Package hyperref Info: Driver (autodetected): hpdftex.

("C:\Users\chenx\AppData\Local\Programs\MiKTeX 2.9\tex/latex/hyperref\hpdftex.d
ef"
File: hpdftex.def 2018/11/30 v6.88e Hyperref driver for pdfTeX
\Fld@listcount=\count99
\c@bookmark@seq@number=\count100

("C:\Users\chenx\AppData\Local\Programs\MiKTeX 2.9\tex/latex/oberdiek\rerunfile
check.sty"
Package: rerunfilecheck 2016/05/16 v1.8 Rerun checks for auxiliary files (HO)
Package uniquecounter Info: New unique counter `rerunfilecheck' on input line 2
82.
)
\Hy@SectionHShift=\skip44
)
("C:\Users\chenx\AppData\Local\Programs\MiKTeX 2.9\tex/latex/fancyhdr\fancyhdr.
sty"
Package: fancyhdr 2019/01/31 v3.10 Extensive control of page headers and footer
s
\f@nch@headwidth=\skip45
\f@nch@O@elh=\skip46
\f@nch@O@erh=\skip47
\f@nch@O@olh=\skip48
\f@nch@O@orh=\skip49
\f@nch@O@elf=\skip50
\f@nch@O@erf=\skip51
\f@nch@O@olf=\skip52
\f@nch@O@orf=\skip53
)
("C:\Users\chenx\AppData\Local\Programs\MiKTeX 2.9\tex/latex/amsmath\amsmath.st
y"
Package: amsmath 2018/12/01 v2.17b AMS math features
\@mathmargin=\skip54

For additional information on amsmath, use the `?' option.

("C:\Users\chenx\AppData\Local\Programs\MiKTeX 2.9\tex/latex/amsmath\amstext.st
y"
Package: amstext 2000/06/29 v2.01 AMS text

("C:\Users\chenx\AppData\Local\Programs\MiKTeX 2.9\tex/latex/amsmath\amsgen.sty
"
File: amsgen.sty 1999/11/30 v2.0 generic functions
\@emptytoks=\toks18
\ex@=\dimen121
))
("C:\Users\chenx\AppData\Local\Programs\MiKTeX 2.9\tex/latex/amsmath\amsbsy.sty
"
Package: amsbsy 1999/11/29 v1.2d Bold Symbols
\pmbraise@=\dimen122
)
("C:\Users\chenx\AppData\Local\Programs\MiKTeX 2.9\tex/latex/amsmath\amsopn.sty
"
Package: amsopn 2016/03/08 v2.02 operator names
)
\inf@bad=\count101
LaTeX Info: Redefining \frac on input line 223.
\uproot@=\count102
\leftroot@=\count103
LaTeX Info: Redefining \overline on input line 385.
\classnum@=\count104
\DOTSCASE@=\count105
LaTeX Info: Redefining \ldots on input line 482.
LaTeX Info: Redefining \dots on input line 485.
LaTeX Info: Redefining \cdots on input line 606.
\Mathstrutbox@=\box27
\strutbox@=\box28
\big@size=\dimen123
LaTeX Font Info:    Redeclaring font encoding OML on input line 729.
LaTeX Font Info:    Redeclaring font encoding OMS on input line 730.
\macc@depth=\count106
\c@MaxMatrixCols=\count107
\dotsspace@=\muskip11
\c@parentequation=\count108
\dspbrk@lvl=\count109
\tag@help=\toks19
\row@=\count110
\column@=\count111
\maxfields@=\count112
\andhelp@=\toks20
\eqnshift@=\dimen124
\alignsep@=\dimen125
\tagshift@=\dimen126
\tagwidth@=\dimen127
\totwidth@=\dimen128
\lineht@=\dimen129
\@envbody=\toks21
\multlinegap=\skip55
\multlinetaggap=\skip56
\mathdisplay@stack=\toks22
LaTeX Info: Redefining \[ on input line 2844.
LaTeX Info: Redefining \] on input line 2845.
)
("C:\Users\chenx\AppData\Local\Programs\MiKTeX 2.9\tex/latex/amsfonts\amssymb.s
ty"
Package: amssymb 2013/01/14 v3.01 AMS font symbols

("C:\Users\chenx\AppData\Local\Programs\MiKTeX 2.9\tex/latex/amsfonts\amsfonts.
sty"
Package: amsfonts 2013/01/14 v3.01 Basic AMSFonts support
\symAMSa=\mathgroup4
\symAMSb=\mathgroup5
LaTeX Font Info:    Overwriting math alphabet `\mathfrak' in version `bold'
(Font)                  U/euf/m/n --> U/euf/b/n on input line 106.
))
("C:\Users\chenx\AppData\Local\Programs\MiKTeX 2.9\tex/latex/tools\longtable.st
y"
Package: longtable 2014/10/28 v4.11 Multi-page Table package (DPC)+ FMi change
\LTleft=\skip57
\LTright=\skip58
\LTpre=\skip59
\LTpost=\skip60
\LTchunksize=\count113
\LTcapwidth=\dimen130
\LT@head=\box29
\LT@firsthead=\box30
\LT@foot=\box31
\LT@lastfoot=\box32
\LT@cols=\count114
\LT@rows=\count115
\c@LT@tables=\count116
\c@LT@chunks=\count117
\LT@p@ftn=\toks23
)
("C:\Users\chenx\AppData\Local\Programs\MiKTeX 2.9\tex/latex/graphics\lscape.st
y"
Package: lscape 2000/10/22 v3.01 Landscape Pages (DPC)
)
("C:\Users\chenx\AppData\Local\Programs\MiKTeX 2.9\tex/latex/natbib\natbib.sty"
Package: natbib 2010/09/13 8.31b (PWD, AO)
\bibhang=\skip61
\bibsep=\skip62
LaTeX Info: Redefining \cite on input line 694.
\c@NAT@ctr=\count118
) ("C:\Users\chenx\AppData\Local\Programs\MiKTeX 2.9\tex/latex/tools\xspace.sty
"
Package: xspace 2014/10/28 v1.13 Space after command names (DPC,MH)
)
("C:\Users\chenx\AppData\Local\Programs\MiKTeX 2.9\tex/latex/psnfss\mathpazo.st
y"
Package: mathpazo 2005/04/12 PSNFSS-v9.2a Palatino w/ Pazo Math (D.Puga, WaS) 
\symupright=\mathgroup6
)
("C:\Users\chenx\AppData\Local\Programs\MiKTeX 2.9\tex/latex/psnfss\helvet.sty"
Package: helvet 2005/04/12 PSNFSS-v9.2a (WaS) 
)
("C:\Users\chenx\AppData\Local\Programs\MiKTeX 2.9\tex/latex/placeins\placeins.
sty"
Package: placeins 2005/04/18  v 2.2
)
("C:\Users\chenx\AppData\Local\Programs\MiKTeX 2.9\tex/latex/booktabs\booktabs.
sty"
Package: booktabs 2005/04/14 v1.61803 publication quality tables
\heavyrulewidth=\dimen131
\lightrulewidth=\dimen132
\cmidrulewidth=\dimen133
\belowrulesep=\dimen134
\belowbottomsep=\dimen135
\aboverulesep=\dimen136
\abovetopsep=\dimen137
\cmidrulesep=\dimen138
\cmidrulekern=\dimen139
\defaultaddspace=\dimen140
\@cmidla=\count119
\@cmidlb=\count120
\@aboverulesep=\dimen141
\@belowrulesep=\dimen142
\@thisruleclass=\count121
\@lastruleclass=\count122
\@thisrulewidth=\dimen143
)
("C:\Users\chenx\AppData\Local\Programs\MiKTeX 2.9\tex/latex/caption\caption.st
y"
Package: caption 2018/10/06 v3.3-154 Customizing captions (AR)

("C:\Users\chenx\AppData\Local\Programs\MiKTeX 2.9\tex/latex/caption\caption3.s
ty"
Package: caption3 2018/09/12 v1.8c caption3 kernel (AR)
Package caption3 Info: TeX engine: e-TeX on input line 64.
\captionmargin=\dimen144
\captionmargin@=\dimen145
\captionwidth=\dimen146
\caption@tempdima=\dimen147
\caption@indent=\dimen148
\caption@parindent=\dimen149
\caption@hangindent=\dimen150
)
\c@caption@flags=\count123
\c@ContinuedFloat=\count124
Package caption Info: hyperref package is loaded.
Package caption Info: longtable package is loaded.

("C:\Users\chenx\AppData\Local\Programs\MiKTeX 2.9\tex/latex/caption\ltcaption.
sty"
Package: ltcaption 2018/08/26 v1.4-95 longtable captions (AR)
))
("C:\Users\chenx\AppData\Local\Programs\MiKTeX 2.9\tex/latex/base\fontenc.sty"
Package: fontenc 2018/08/11 v2.0j Standard LaTeX package

("C:\Users\chenx\AppData\Local\Programs\MiKTeX 2.9\tex/latex/base\t1enc.def"
File: t1enc.def 2018/08/11 v2.0j Standard LaTeX file
LaTeX Font Info:    Redeclaring font encoding T1 on input line 48.
))
("C:\Users\chenx\AppData\Local\Programs\MiKTeX 2.9\tex/latex/base\inputenc.sty"
Package: inputenc 2018/08/11 v1.3c Input encoding file
\inpenc@prehook=\toks24
\inpenc@posthook=\toks25
("C:\Users\chenx\AppData\Local\Programs\MiKTeX 2.9\tex/latex/base\latin1.def"
File: latin1.def 2018/08/11 v1.3c Input encoding file
))
("C:\Users\chenx\AppData\Local\Programs\MiKTeX 2.9\tex/latex/upquote\upquote.st
y"
Package: upquote 2012/04/19 v1.3 upright-quote and grave-accent glyphs in verba
tim

("C:\Users\chenx\AppData\Local\Programs\MiKTeX 2.9\tex/latex/base\textcomp.sty"
Package: textcomp 2018/08/11 v2.0j Standard LaTeX package
Package textcomp Info: Sub-encoding information:
(textcomp)               5 = only ISO-Adobe without \textcurrency
(textcomp)               4 = 5 + \texteuro
(textcomp)               3 = 4 + \textohm
(textcomp)               2 = 3 + \textestimated + \textcurrency
(textcomp)               1 = TS1 - \textcircled - \t
(textcomp)               0 = TS1 (full)
(textcomp)             Font families with sub-encoding setting implement
(textcomp)             only a restricted character set as indicated.
(textcomp)             Family '?' is the default used for unknown fonts.
(textcomp)             See the documentation for details.
Package textcomp Info: Setting ? sub-encoding to TS1/1 on input line 79.
("C:\Users\chenx\AppData\Local\Programs\MiKTeX 2.9\tex/latex/base\ts1enc.def"
File: ts1enc.def 2001/06/05 v3.0e (jk/car/fm) Standard LaTeX file
Now handling font encoding TS1 ...
... processing UTF-8 mapping file for font encoding TS1

("C:\Users\chenx\AppData\Local\Programs\MiKTeX 2.9\tex/latex/base\ts1enc.dfu"
File: ts1enc.dfu 2018/10/05 v1.2f UTF-8 support for inputenc
   defining Unicode char U+00A2 (decimal 162)
   defining Unicode char U+00A3 (decimal 163)
   defining Unicode char U+00A4 (decimal 164)
   defining Unicode char U+00A5 (decimal 165)
   defining Unicode char U+00A6 (decimal 166)
   defining Unicode char U+00A7 (decimal 167)
   defining Unicode char U+00A8 (decimal 168)
   defining Unicode char U+00A9 (decimal 169)
   defining Unicode char U+00AA (decimal 170)
   defining Unicode char U+00AC (decimal 172)
   defining Unicode char U+00AE (decimal 174)
   defining Unicode char U+00AF (decimal 175)
   defining Unicode char U+00B0 (decimal 176)
   defining Unicode char U+00B1 (decimal 177)
   defining Unicode char U+00B2 (decimal 178)
   defining Unicode char U+00B3 (decimal 179)
   defining Unicode char U+00B4 (decimal 180)
   defining Unicode char U+00B5 (decimal 181)
   defining Unicode char U+00B6 (decimal 182)
   defining Unicode char U+00B7 (decimal 183)
   defining Unicode char U+00B9 (decimal 185)
   defining Unicode char U+00BA (decimal 186)
   defining Unicode char U+00BC (decimal 188)
   defining Unicode char U+00BD (decimal 189)
   defining Unicode char U+00BE (decimal 190)
   defining Unicode char U+00D7 (decimal 215)
   defining Unicode char U+00F7 (decimal 247)
   defining Unicode char U+0192 (decimal 402)
   defining Unicode char U+02C7 (decimal 711)
   defining Unicode char U+02D8 (decimal 728)
   defining Unicode char U+02DD (decimal 733)
   defining Unicode char U+0E3F (decimal 3647)
   defining Unicode char U+2016 (decimal 8214)
   defining Unicode char U+2020 (decimal 8224)
   defining Unicode char U+2021 (decimal 8225)
   defining Unicode char U+2022 (decimal 8226)
   defining Unicode char U+2030 (decimal 8240)
   defining Unicode char U+2031 (decimal 8241)
   defining Unicode char U+203B (decimal 8251)
   defining Unicode char U+203D (decimal 8253)
   defining Unicode char U+2044 (decimal 8260)
   defining Unicode char U+204E (decimal 8270)
   defining Unicode char U+2052 (decimal 8274)
   defining Unicode char U+20A1 (decimal 8353)
   defining Unicode char U+20A4 (decimal 8356)
   defining Unicode char U+20A6 (decimal 8358)
   defining Unicode char U+20A9 (decimal 8361)
   defining Unicode char U+20AB (decimal 8363)
   defining Unicode char U+20AC (decimal 8364)
   defining Unicode char U+20B1 (decimal 8369)
   defining Unicode char U+2103 (decimal 8451)
   defining Unicode char U+2116 (decimal 8470)
   defining Unicode char U+2117 (decimal 8471)
   defining Unicode char U+211E (decimal 8478)
   defining Unicode char U+2120 (decimal 8480)
   defining Unicode char U+2122 (decimal 8482)
   defining Unicode char U+2126 (decimal 8486)
   defining Unicode char U+2127 (decimal 8487)
   defining Unicode char U+212E (decimal 8494)
   defining Unicode char U+2190 (decimal 8592)
   defining Unicode char U+2191 (decimal 8593)
   defining Unicode char U+2192 (decimal 8594)
   defining Unicode char U+2193 (decimal 8595)
   defining Unicode char U+2329 (decimal 9001)
   defining Unicode char U+232A (decimal 9002)
   defining Unicode char U+2422 (decimal 9250)
   defining Unicode char U+25E6 (decimal 9702)
   defining Unicode char U+25EF (decimal 9711)
   defining Unicode char U+266A (decimal 9834)
   defining Unicode char U+FEFF (decimal 65279)
))
LaTeX Info: Redefining \oldstylenums on input line 334.
Package textcomp Info: Setting cmr sub-encoding to TS1/0 on input line 349.
Package textcomp Info: Setting cmss sub-encoding to TS1/0 on input line 350.
Package textcomp Info: Setting cmtt sub-encoding to TS1/0 on input line 351.
Package textcomp Info: Setting cmvtt sub-encoding to TS1/0 on input line 352.
Package textcomp Info: Setting cmbr sub-encoding to TS1/0 on input line 353.
Package textcomp Info: Setting cmtl sub-encoding to TS1/0 on input line 354.
Package textcomp Info: Setting ccr sub-encoding to TS1/0 on input line 355.
Package textcomp Info: Setting ptm sub-encoding to TS1/4 on input line 356.
Package textcomp Info: Setting pcr sub-encoding to TS1/4 on input line 357.
Package textcomp Info: Setting phv sub-encoding to TS1/4 on input line 358.
Package textcomp Info: Setting ppl sub-encoding to TS1/3 on input line 359.
Package textcomp Info: Setting pag sub-encoding to TS1/4 on input line 360.
Package textcomp Info: Setting pbk sub-encoding to TS1/4 on input line 361.
Package textcomp Info: Setting pnc sub-encoding to TS1/4 on input line 362.
Package textcomp Info: Setting pzc sub-encoding to TS1/4 on input line 363.
Package textcomp Info: Setting bch sub-encoding to TS1/4 on input line 364.
Package textcomp Info: Setting put sub-encoding to TS1/5 on input line 365.
Package textcomp Info: Setting uag sub-encoding to TS1/5 on input line 366.
Package textcomp Info: Setting ugq sub-encoding to TS1/5 on input line 367.
Package textcomp Info: Setting ul8 sub-encoding to TS1/4 on input line 368.
Package textcomp Info: Setting ul9 sub-encoding to TS1/4 on input line 369.
Package textcomp Info: Setting augie sub-encoding to TS1/5 on input line 370.
Package textcomp Info: Setting dayrom sub-encoding to TS1/3 on input line 371.
Package textcomp Info: Setting dayroms sub-encoding to TS1/3 on input line 372.

Package textcomp Info: Setting pxr sub-encoding to TS1/0 on input line 373.
Package textcomp Info: Setting pxss sub-encoding to TS1/0 on input line 374.
Package textcomp Info: Setting pxtt sub-encoding to TS1/0 on input line 375.
Package textcomp Info: Setting txr sub-encoding to TS1/0 on input line 376.
Package textcomp Info: Setting txss sub-encoding to TS1/0 on input line 377.
Package textcomp Info: Setting txtt sub-encoding to TS1/0 on input line 378.
Package textcomp Info: Setting lmr sub-encoding to TS1/0 on input line 379.
Package textcomp Info: Setting lmdh sub-encoding to TS1/0 on input line 380.
Package textcomp Info: Setting lmss sub-encoding to TS1/0 on input line 381.
Package textcomp Info: Setting lmssq sub-encoding to TS1/0 on input line 382.
Package textcomp Info: Setting lmvtt sub-encoding to TS1/0 on input line 383.
Package textcomp Info: Setting lmtt sub-encoding to TS1/0 on input line 384.
Package textcomp Info: Setting qhv sub-encoding to TS1/0 on input line 385.
Package textcomp Info: Setting qag sub-encoding to TS1/0 on input line 386.
Package textcomp Info: Setting qbk sub-encoding to TS1/0 on input line 387.
Package textcomp Info: Setting qcr sub-encoding to TS1/0 on input line 388.
Package textcomp Info: Setting qcs sub-encoding to TS1/0 on input line 389.
Package textcomp Info: Setting qpl sub-encoding to TS1/0 on input line 390.
Package textcomp Info: Setting qtm sub-encoding to TS1/0 on input line 391.
Package textcomp Info: Setting qzc sub-encoding to TS1/0 on input line 392.
Package textcomp Info: Setting qhvc sub-encoding to TS1/0 on input line 393.
Package textcomp Info: Setting futs sub-encoding to TS1/4 on input line 394.
Package textcomp Info: Setting futx sub-encoding to TS1/4 on input line 395.
Package textcomp Info: Setting futj sub-encoding to TS1/4 on input line 396.
Package textcomp Info: Setting hlh sub-encoding to TS1/3 on input line 397.
Package textcomp Info: Setting hls sub-encoding to TS1/3 on input line 398.
Package textcomp Info: Setting hlst sub-encoding to TS1/3 on input line 399.
Package textcomp Info: Setting hlct sub-encoding to TS1/5 on input line 400.
Package textcomp Info: Setting hlx sub-encoding to TS1/5 on input line 401.
Package textcomp Info: Setting hlce sub-encoding to TS1/5 on input line 402.
Package textcomp Info: Setting hlcn sub-encoding to TS1/5 on input line 403.
Package textcomp Info: Setting hlcw sub-encoding to TS1/5 on input line 404.
Package textcomp Info: Setting hlcf sub-encoding to TS1/5 on input line 405.
Package textcomp Info: Setting pplx sub-encoding to TS1/3 on input line 406.
Package textcomp Info: Setting pplj sub-encoding to TS1/3 on input line 407.
Package textcomp Info: Setting ptmx sub-encoding to TS1/4 on input line 408.
Package textcomp Info: Setting ptmj sub-encoding to TS1/4 on input line 409.
))
No file report_STA490_xijin.aux.
\openout1 = `report_STA490_xijin.aux'.

LaTeX Font Info:    Checking defaults for OML/cmm/m/it on input line 167.
LaTeX Font Info:    ... okay on input line 167.
LaTeX Font Info:    Checking defaults for T1/cmr/m/n on input line 167.
LaTeX Font Info:    ... okay on input line 167.
LaTeX Font Info:    Checking defaults for OT1/cmr/m/n on input line 167.
LaTeX Font Info:    ... okay on input line 167.
LaTeX Font Info:    Checking defaults for OMS/cmsy/m/n on input line 167.
LaTeX Font Info:    ... okay on input line 167.
LaTeX Font Info:    Checking defaults for OMX/cmex/m/n on input line 167.
LaTeX Font Info:    ... okay on input line 167.
LaTeX Font Info:    Checking defaults for U/cmr/m/n on input line 167.
LaTeX Font Info:    ... okay on input line 167.
LaTeX Font Info:    Checking defaults for PD1/pdf/m/n on input line 167.
LaTeX Font Info:    ... okay on input line 167.
LaTeX Font Info:    Checking defaults for TS1/cmr/m/n on input line 167.
LaTeX Font Info:    Try loading font information for TS1+cmr on input line 167.

("C:\Users\chenx\AppData\Local\Programs\MiKTeX 2.9\tex/latex/base\ts1cmr.fd"
File: ts1cmr.fd 2014/09/29 v2.5h Standard LaTeX font definitions
)
LaTeX Font Info:    ... okay on input line 167.
LaTeX Font Info:    Try loading font information for T1+pplx on input line 167.


("C:\Users\chenx\AppData\Local\Programs\MiKTeX 2.9\tex/latex/psnfss\t1pplx.fd"
File: t1pplx.fd 2004/09/06 font definitions for T1/pplx.
)
("C:\Users\chenx\AppData\Local\Programs\MiKTeX 2.9\tex/context/base/mkii\supp-p
df.mkii"
[Loading MPS to PDF converter (version 2006.09.02).]
\scratchcounter=\count125
\scratchdimen=\dimen151
\scratchbox=\box33
\nofMPsegments=\count126
\nofMParguments=\count127
\everyMPshowfont=\toks26
\MPscratchCnt=\count128
\MPscratchDim=\dimen152
\MPnumerator=\count129
\makeMPintoPDFobject=\count130
\everyMPtoPDFconversion=\toks27
)
("C:\Users\chenx\AppData\Local\Programs\MiKTeX 2.9\tex/latex/oberdiek\epstopdf-
base.sty"
Package: epstopdf-base 2016/05/15 v2.6 Base part for package epstopdf

("C:\Users\chenx\AppData\Local\Programs\MiKTeX 2.9\tex/latex/oberdiek\grfext.st
y"
Package: grfext 2016/05/16 v1.2 Manage graphics extensions (HO)
)
Package epstopdf-base Info: Redefining graphics rule for `.eps' on input line 4
38.
Package grfext Info: Graphics extension search list:
(grfext)             [.pdf,.png,.jpg,.mps,.jpeg,.jbig2,.jb2,.PDF,.PNG,.JPG,.JPE
G,.JBIG2,.JB2,.eps]
(grfext)             \AppendGraphicsExtensions on input line 456.
)
*geometry* driver: auto-detecting
*geometry* detected driver: pdftex
*geometry* verbose mode - [ preamble ] result:
* driver: pdftex
* paper: a4paper
* layout: <same size as paper>
* layoutoffset:(h,v)=(0.0pt,0.0pt)
* modes: 
* h-part:(L,W,R)=(56.9055pt, 483.69687pt, 56.9055pt)
* v-part:(T,H,B)=(85.35826pt, 674.33032pt, 85.35826pt)
* \paperwidth=597.50787pt
* \paperheight=845.04684pt
* \textwidth=483.69687pt
* \textheight=674.33032pt
* \oddsidemargin=-15.36449pt
* \evensidemargin=-15.36449pt
* \topmargin=-25.91173pt
* \headheight=14.0pt
* \headsep=25.0pt
* \topskip=11.0pt
* \footskip=30.0pt
* \marginparwidth=50.0pt
* \marginparsep=10.0pt
* \columnsep=10.0pt
* \skip\footins=10.0pt plus 4.0pt minus 2.0pt
* \hoffset=0.0pt
* \voffset=0.0pt
* \mag=1000
* \@twocolumnfalse
* \@twosidefalse
* \@mparswitchfalse
* \@reversemarginfalse
* (1in=72.27pt=25.4mm, 1cm=28.453pt)

\AtBeginShipoutBox=\box34
Package hyperref Info: Link coloring OFF on input line 167.

("C:\Users\chenx\AppData\Local\Programs\MiKTeX 2.9\tex/latex/hyperref\nameref.s
ty"
Package: nameref 2016/05/21 v2.44 Cross-referencing by name of section

("C:\Users\chenx\AppData\Local\Programs\MiKTeX 2.9\tex/generic/oberdiek\gettitl
estring.sty"
Package: gettitlestring 2016/05/16 v1.5 Cleanup title references (HO)
)
\c@section@level=\count131
)
LaTeX Info: Redefining \ref on input line 167.
LaTeX Info: Redefining \pageref on input line 167.
LaTeX Info: Redefining \nameref on input line 167.
\@outlinefile=\write3
\openout3 = `report_STA490_xijin.out'.

Package caption Info: Begin \AtBeginDocument code.
Package caption Info: End \AtBeginDocument code.
Package epstopdf Info: Source file: <uzh_logo_e_pos.eps>
(epstopdf)                    date: 2019-09-27 09:06:27
(epstopdf)                    size: 509333 bytes
(epstopdf)             Output file: <uzh_logo_e_pos-eps-converted-to.pdf>
(epstopdf)                    date: 2019-09-27 09:06:27
(epstopdf)                    size: 42566 bytes
(epstopdf)             Command: <epstopdf --outfile=uzh_logo_e_pos-eps-converte
d-to.pdf uzh_logo_e_pos.eps>
(epstopdf)             \includegraphics on input line 172.
Package epstopdf Info: Output file is already uptodate.


pdfTeX warning: pdflatex.exe (file ./uzh_logo_e_pos-eps-converted-to.pdf): PDF 
inclusion: found PDF version <1.7>, but at most version <1.5> allowed
<uzh_logo_e_pos-eps-converted-to.pdf, id=3, 154.5775pt x 49.18375pt>
File: uzh_logo_e_pos-eps-converted-to.pdf Graphic file (type pdf)
<use uzh_logo_e_pos-eps-converted-to.pdf>
Package pdftex.def Info: uzh_logo_e_pos-eps-converted-to.pdf  used on input lin
e 172.
(pdftex.def)             Requested size: 150.81267pt x 48.36932pt.
LaTeX Font Info:    Try loading font information for OT1+pplx on input line 172
.
("C:\Users\chenx\AppData\Local\Programs\MiKTeX 2.9\tex/latex/psnfss\ot1pplx.fd"
File: ot1pplx.fd 2004/09/06 font definitions for OT1/pplx.
)
LaTeX Font Info:    Try loading font information for OML+zplm on input line 172
.
 ("C:\Users\chenx\AppData\Local\Programs\MiKTeX 2.9\tex/latex/psnfss\omlzplm.fd
"
File: omlzplm.fd 2002/09/08 Fontinst v1.914 font definitions for OML/zplm.
)
LaTeX Font Info:    Try loading font information for OMS+zplm on input line 172
.

("C:\Users\chenx\AppData\Local\Programs\MiKTeX 2.9\tex/latex/psnfss\omszplm.fd"
File: omszplm.fd 2002/09/08 Fontinst v1.914 font definitions for OMS/zplm.
)
LaTeX Font Info:    Try loading font information for OMX+zplm on input line 172
.
 ("C:\Users\chenx\AppData\Local\Programs\MiKTeX 2.9\tex/latex/psnfss\omxzplm.fd
"
File: omxzplm.fd 2002/09/08 Fontinst v1.914 font definitions for OMX/zplm.
)
LaTeX Font Info:    Font shape `U/msa/m/n' will be
(Font)              scaled to size 11.40997pt on input line 172.
LaTeX Font Info:    Font shape `U/msa/m/n' will be
(Font)              scaled to size 8.33606pt on input line 172.
LaTeX Font Info:    Font shape `U/msa/m/n' will be
(Font)              scaled to size 6.25204pt on input line 172.
LaTeX Font Info:    Font shape `U/msb/m/n' will be
(Font)              scaled to size 11.40997pt on input line 172.
LaTeX Font Info:    Font shape `U/msb/m/n' will be
(Font)              scaled to size 8.33606pt on input line 172.
LaTeX Font Info:    Font shape `U/msb/m/n' will be
(Font)              scaled to size 6.25204pt on input line 172.
LaTeX Font Info:    Try loading font information for OT1+zplm on input line 172
.

("C:\Users\chenx\AppData\Local\Programs\MiKTeX 2.9\tex/latex/psnfss\ot1zplm.fd"
File: ot1zplm.fd 2002/09/08 Fontinst v1.914 font definitions for OT1/zplm.
)
LaTeX Font Info:    Try loading font information for T1+phv on input line 172.
 ("C:\Users\chenx\AppData\Local\Programs\MiKTeX 2.9\tex/latex/psnfss\t1phv.fd"
File: t1phv.fd 2001/06/04 scalable font definitions for T1/phv.
)
LaTeX Font Info:    Font shape `T1/phv/m/n' will be
(Font)              scaled to size 11.39996pt on input line 172.
LaTeX Font Info:    Font shape `T1/phv/m/it' in size <12> not available
(Font)              Font shape `T1/phv/m/sl' tried instead on input line 172.
LaTeX Font Info:    Font shape `T1/phv/m/sl' will be
(Font)              scaled to size 11.39996pt on input line 172.
LaTeX Font Info:    Font shape `T1/phv/m/n' will be
(Font)              scaled to size 10.40245pt on input line 172.
LaTeX Font Info:    Font shape `T1/phv/m/n' will be
(Font)              scaled to size 16.41594pt on input line 172.
LaTeX Font Info:    Font shape `T1/phv/m/n' will be
(Font)              scaled to size 13.67995pt on input line 172.
LaTeX Font Info:    Font shape `T1/pplx/bx/n' in size <14.4> not available
(Font)              Font shape `T1/pplx/b/n' tried instead on input line 187.
 [1

{C:/Users/chenx/AppData/Local/MiKTeX/2.9/pdftex/config/pdftex.map} <./uzh_logo_
e_pos-eps-converted-to.pdf>]
LaTeX Font Info:    Font shape `T1/pplx/bx/n' in size <12> not available
(Font)              Font shape `T1/pplx/b/n' tried instead on input line 233.
LaTeX Font Info:    Font shape `T1/phv/m/it' in size <10.95> not available
(Font)              Font shape `T1/phv/m/sl' tried instead on input line 236.
LaTeX Font Info:    Font shape `T1/phv/m/sl' will be
(Font)              scaled to size 10.40245pt on input line 236.
 [2]
LaTeX Font Info:    Font shape `T1/pplx/bx/n' in size <10.95> not available
(Font)              Font shape `T1/pplx/b/n' tried instead on input line 239.


Package natbib Warning: Citation `derhovanessian2018chronic' on page 3 undefine
d on input line 239.


Package natbib Warning: Citation `hosenpud1997registry' on page 3 undefined on 
input line 239.


Package natbib Warning: Citation `choong2017linking' on page 3 undefined on inp
ut line 243.


Package natbib Warning: Citation `crampton2004makes' on page 3 undefined on inp
ut line 243.


Package natbib Warning: Citation `mainz2003defining' on page 3 undefined on inp
ut line 243.


Package natbib Warning: Citation `tumin2016attained' on page 3 undefined on inp
ut line 243.


Package natbib Warning: Citation `suhling2015employment' on page 3 undefined on
 input line 243.


Package natbib Warning: Citation `krivchenia2016long' on page 3 undefined on in
put line 243.


Package natbib Warning: Citation `hunt1996effect' on page 3 undefined on input 
line 249.


Package natbib Warning: Citation `nour2015factors' on page 3 undefined on input
 line 249.


Package natbib Warning: Citation `white2011factors' on page 3 undefined on inpu
t line 249.


Package natbib Warning: Citation `vieux2018predictors' on page 3 undefined on i
nput line 249.


Package natbib Warning: Citation `targett2013employment' on page 3 undefined on
 input line 251.


Package natbib Warning: Citation `taylor2013longitudinal' on page 3 undefined o
n input line 251.


Package natbib Warning: Citation `laborde2012employment' on page 3 undefined on
 input line 251.


Package natbib Warning: Citation `huda2015employment' on page 3 undefined on in
put line 251.


Package natbib Warning: Citation `eppenberger2015back' on page 3 undefined on i
nput line 251.


Package natbib Warning: Citation `aaberg2016prolonging' on page 3 undefined on 
input line 251.


Package natbib Warning: Citation `matas1996employment' on page 3 undefined on i
nput line 251.


Package natbib Warning: Citation `krivchenia2016long' on page 3 undefined on in
put line 251.


Package natbib Warning: Citation `krivchenia2016long' on page 3 undefined on in
put line 252.


Package natbib Warning: Citation `laborde2012employment' on page 3 undefined on
 input line 252.


Package natbib Warning: Citation `lutfey2008patient' on page 3 undefined on inp
ut line 258.

[3]

Package natbib Warning: Citation `tuppin2008predictive' on page 4 undefined on 
input line 262.


Package natbib Warning: Citation `vizza2000outcome' on page 4 undefined on inpu
t line 262.


Package natbib Warning: Citation `sharples1993prognosis' on page 4 undefined on
 input line 262.


Package natbib Warning: Citation `stanchina2002association' on page 4 undefined
 on input line 262.


Package natbib Warning: Citation `ciriaco1995analysis' on page 4 undefined on i
nput line 262.


Package natbib Warning: Citation `derhovanessian2018chronic' on page 4 undefine
d on input line 265.


Package natbib Warning: Citation `trulock2007registry' on page 4 undefined on i
nput line 270.


Package natbib Warning: Citation `trulock2007registry' on page 4 undefined on i
nput line 272.


Package natbib Warning: Citation `ojo2003chronic' on page 4 undefined on input 
line 272.


Package natbib Warning: Citation `cicutto2004factors' on page 4 undefined on in
put line 274.

[4] [5]

Package natbib Warning: Citation `laborde2012employment' on page 6 undefined on
 input line 323.

[6]
! Undefined control sequence.
l.363 \itemn
             Histogram: Waiting time, BMI and Best FEV1(\%).
The control sequence at the end of the top line
of your error message was never \def'ed. If you have
misspelled it (e.g., `\hobx'), type `I' and the correct
spelling (e.g., `I\hbox'). Otherwise just continue,
and I'll forget about whatever was undefined.

[7]

LaTeX Warning: Reference `sec:datacollect' on page 8 undefined on input line 40
1.


LaTeX Warning: Reference `tab:tab1' on page 8 undefined on input line 442.

Package color Info: Redefining color shadecolor on input line 458.
<plots/pagesex-1.pdf, id=81, 578.16pt x 216.81pt>
File: plots/pagesex-1.pdf Graphic file (type pdf)
<use plots/pagesex-1.pdf>
Package pdftex.def Info: plots/pagesex-1.pdf  used on input line 459.
(pdftex.def)             Requested size: 483.69687pt x 181.38472pt.

LaTeX Warning: Reference `fig:fig1' on page 8 undefined on input line 465.

[8

]
Package color Info: Redefining color shadecolor on input line 473.
<plots/pcontin-1.pdf, id=91, 433.62pt x 180.675pt>
File: plots/pcontin-1.pdf Graphic file (type pdf)
<use plots/pcontin-1.pdf>
Package pdftex.def Info: plots/pcontin-1.pdf  used on input line 474.
(pdftex.def)             Requested size: 433.61894pt x 180.68282pt.


LaTeX Warning: Reference `fig:fig2' on page 9 undefined on input line 480.


LaTeX Warning: Reference `fig:fig2' on page 9 undefined on input line 482.

[9 <./plots/pagesex-1.pdf> <./plots/pcontin-1.pdf>]
Package color Info: Redefining color shadecolor on input line 489.
<plots/passos_educationplot-1.pdf, id=116, 433.62pt x 252.945pt>
File: plots/passos_educationplot-1.pdf Graphic file (type pdf)
<use plots/passos_educationplot-1.pdf>
Package pdftex.def Info: plots/passos_educationplot-1.pdf  used on input line 4
90.
(pdftex.def)             Requested size: 433.61894pt x 252.95595pt.


LaTeX Warning: Reference `fig:fig3' on page 10 undefined on input line 498.


LaTeX Warning: Reference `fig:fig3' on page 10 undefined on input line 500.


LaTeX Warning: Reference `tab:tab1' on page 10 undefined on input line 502.


LaTeX Warning: Reference `fig:fig3' on page 10 undefined on input line 504.


LaTeX Warning: Reference `tab:tab2' on page 10 undefined on input line 535.

Package color Info: Redefining color shadecolor on input line 541.
<plots/ptimedep_heatmap-1.pdf, id=117, 505.89pt x 252.945pt>
File: plots/ptimedep_heatmap-1.pdf Graphic file (type pdf)
<use plots/ptimedep_heatmap-1.pdf>
Package pdftex.def Info: plots/ptimedep_heatmap-1.pdf  used on input line 542.
(pdftex.def)             Requested size: 483.69687pt x 241.8518pt.

LaTeX Warning: Reference `fig:fig5' on page 10 undefined on input line 549.


LaTeX Warning: Reference `tab:tab2' on page 10 undefined on input line 549.

[10

 <./plots/passos_educationplot-1.pdf>]

LaTeX Warning: Reference `fig:fig5' on page 11 undefined on input line 551.


LaTeX Warning: Reference `tab:tab2' on page 11 undefined on input line 555.


LaTeX Warning: Reference `tab:tab2' on page 11 undefined on input line 557.

[11 <./plots/ptimedep_heatmap-1.pdf>]
Package color Info: Redefining color shadecolor on input line 576.
<plots/ptenperc-1.pdf, id=143, 397.485pt x 216.81pt>
File: plots/ptenperc-1.pdf Graphic file (type pdf)
<use plots/ptenperc-1.pdf>
Package pdftex.def Info: plots/ptenperc-1.pdf  used on input line 577.
(pdftex.def)             Requested size: 397.48402pt x 216.81607pt.


LaTeX Warning: Reference `fig:fig6' on page 12 undefined on input line 583.

[12

 <./plots/ptenperc-1.pdf>]
Package color Info: Redefining color shadecolor on input line 594.
<plots/pworkperc-1.pdf, id=158, 361.35pt x 216.81pt>
File: plots/pworkperc-1.pdf Graphic file (type pdf)
<use plots/pworkperc-1.pdf>
Package pdftex.def Info: plots/pworkperc-1.pdf  used on input line 595.
(pdftex.def)             Requested size: 361.34912pt x 216.80946pt.


LaTeX Warning: Reference `fig:fig6' on page 13 undefined on input line 602.


LaTeX Warning: Reference `fig:fig7' on page 13 undefined on input line 602.

Runaway argument?
{tab:tab3, the last period of time, \textit {Period 5} had only one t\ETC.
! Paragraph ended before \T@ref was complete.
<to be read again> 
                   \par 
l.603 
      
I suspect you've forgotten a `}', causing me to apply this
control sequence to too much text. How can we recover?
My plan is to forget the whole thing and hope for the best.


Overfull \hbox (23.88416pt too wide) in paragraph at lines 602--603
[]\T1/pplx/m/n/10.95 We used the es-ti-mated pre-transplantation work per-cent-
age and only showed the post-transplantation
 []


LaTeX Warning: Reference `fig:fig6' on page 13 undefined on input line 604.

[13

 <./plots/pworkperc-1.pdf>]
Package color Info: Redefining color shadecolor on input line 616.
<plots/pworkstat-1.pdf, id=174, 433.62pt x 216.81pt>
File: plots/pworkstat-1.pdf Graphic file (type pdf)
<use plots/pworkstat-1.pdf>
Package pdftex.def Info: plots/pworkstat-1.pdf  used on input line 617.
(pdftex.def)             Requested size: 433.61894pt x 216.81938pt.


LaTeX Warning: Reference `fig:fig8' on page 14 undefined on input line 645.


LaTeX Warning: Reference `tab:tab3' on page 14 undefined on input line 645.

[14

 <./plots/pworkstat-1.pdf>]

LaTeX Warning: Reference `tab:tab2' on page 15 undefined on input line 653.

LaTeX Font Info:    Font shape `U/msa/m/n' will be
(Font)              scaled to size 9.37807pt on input line 732.
LaTeX Font Info:    Font shape `U/msa/m/n' will be
(Font)              scaled to size 7.29405pt on input line 732.
LaTeX Font Info:    Font shape `U/msa/m/n' will be
(Font)              scaled to size 5.21004pt on input line 732.
LaTeX Font Info:    Font shape `U/msb/m/n' will be
(Font)              scaled to size 9.37807pt on input line 732.
LaTeX Font Info:    Font shape `U/msb/m/n' will be
(Font)              scaled to size 7.29405pt on input line 732.
LaTeX Font Info:    Font shape `U/msb/m/n' will be
(Font)              scaled to size 5.21004pt on input line 732.

LaTeX Warning: Reference `tab:tab5' on page 15 undefined on input line 743.


LaTeX Warning: Reference `tab:tab6' on page 15 undefined on input line 745.

[15

]

LaTeX Warning: Reference `tab:tab9' on page 16 undefined on input line 825.

[16]
Package color Info: Redefining color shadecolor on input line 834.
<plots/ptwoby2plot-1.pdf, id=209, 433.62pt x 216.81pt>
File: plots/ptwoby2plot-1.pdf Graphic file (type pdf)
<use plots/ptwoby2plot-1.pdf>
Package pdftex.def Info: plots/ptwoby2plot-1.pdf  used on input line 835.
(pdftex.def)             Requested size: 433.61894pt x 216.81938pt.


LaTeX Warning: Reference `fig9' on page 17 undefined on input line 842.


LaTeX Warning: Reference `tab:tab10' on page 17 undefined on input line 847.

[17

 <./plots/ptwoby2plot-1.pdf>]

LaTeX Warning: Reference `tab:tab11' on page 18 undefined on input line 956.


LaTeX Warning: Reference `tab:tab12' on page 18 undefined on input line 956.

[18

]
Package color Info: Redefining color shadecolor on input line 964.
<plots/ptwoby2plot2-1.pdf, id=232, 433.62pt x 216.81pt>
File: plots/ptwoby2plot2-1.pdf Graphic file (type pdf)
<use plots/ptwoby2plot2-1.pdf>
Package pdftex.def Info: plots/ptwoby2plot2-1.pdf  used on input line 965.
(pdftex.def)             Requested size: 433.61894pt x 216.81938pt.


LaTeX Warning: Reference `fig10' on page 19 undefined on input line 998.


LaTeX Warning: Reference `tab:tabadd' on page 19 undefined on input line 1002.

[19

 <./plots/ptwoby2plot2-1.pdf>]

LaTeX Warning: Reference `tab:tab13' on page 20 undefined on input line 1035.

[20

]

LaTeX Warning: Reference `tab:tab14' on page 21 undefined on input line 1124.


LaTeX Warning: Reference `tab:tab15' on page 21 undefined on input line 1126.

[21

]

LaTeX Warning: Reference `tab:tab19' on page 22 undefined on input line 1202.

[22

]
Overfull \hbox (5.40056pt too wide) in paragraph at lines 1272--1273
[]\T1/pplx/m/n/10.95 For work per-cent-age three to five years af-ter lung tran
s-plan-ta-tion, model with only \T1/pplx/m/it/10.95 Pre-employment
 []

[23

] [24

] [25

]

LaTeX Warning: Reference `tab:tab29' on page 26 undefined on input line 1454.

[26

]
Package color Info: Redefining color shadecolor on input line 1467.
<plots/pnumber_measurements-1.pdf, id=308, 361.35pt x 361.35pt>
File: plots/pnumber_measurements-1.pdf Graphic file (type pdf)
<use plots/pnumber_measurements-1.pdf>
Package pdftex.def Info: plots/pnumber_measurements-1.pdf  used on input line 1
468.
(pdftex.def)             Requested size: 361.34912pt x 361.34912pt.


LaTeX Warning: Reference `fig:fig13' on page 27 undefined on input line 1474.

[27

 <./plots/pnumber_measurements-1.pdf>]

LaTeX Warning: Reference `tab:tab30' on page 28 undefined on input line 1507.


LaTeX Warning: Reference `tab:tab32' on page 28 undefined on input line 1533.


LaTeX Warning: Reference `tab:tab32' on page 28 undefined on input line 1561.

[28]

LaTeX Warning: Reference `tab:tab29' on page 29 undefined on input line 1590.


LaTeX Warning: Reference `tab:tab35' on page 29 undefined on input line 1617.

[29

]
Overfull \hbox (0.1008pt too wide) in paragraph at lines 1652--1653
[]\T1/pplx/m/n/10.95 In an at-tempt to im-prove the work par-tic-i-pa-tion af-t
er lung trans-plan-ta-tion, mea-sure-ments should
 []


Package natbib Warning: Citation `R' undefined on input line 1659.

No file report_STA490_xijin.bbl.
LaTeX Font Info:    Font shape `T1/pplx/bx/n' in size <9> not available
(Font)              Font shape `T1/pplx/b/n' tried instead on input line 1675.
LaTeX Font Info:    Font shape `T1/phv/bx/n' in size <9> not available
(Font)              Font shape `T1/phv/b/n' tried instead on input line 1675.
LaTeX Font Info:    Font shape `T1/phv/b/n' will be
(Font)              scaled to size 8.54997pt on input line 1675.
LaTeX Font Info:    Font shape `T1/phv/m/n' will be
(Font)              scaled to size 8.54997pt on input line 1677.
[30

]
Package color Info: Redefining color shadecolor on input line 1695.
LaTeX Font Info:    Try loading font information for T1+cmtt on input line 1696
.
 ("C:\Users\chenx\AppData\Local\Programs\MiKTeX 2.9\tex/latex/base\t1cmtt.fd"
File: t1cmtt.fd 2014/09/29 v2.5h Standard LaTeX font definitions
)
LaTeX Font Info:    Font shape `T1/cmtt/bx/n' in size <9> not available
(Font)              Font shape `T1/cmtt/m/n' tried instead on input line 1698.

Overfull \hbox (13.86913pt too wide) in paragraph at lines 2089--2089
[][]\T1/cmtt/m/it/9 #From the comments after final presentation, use the exact 
time for patients for the final period of time[][] 
 []

LaTeX Font Info:    Try loading font information for TS1+cmtt on input line 212
5.
("C:\Users\chenx\AppData\Local\Programs\MiKTeX 2.9\tex/latex/base\ts1cmtt.fd"
File: ts1cmtt.fd 2014/09/29 v2.5h Standard LaTeX font definitions
)
Overfull \hbox (87.88855pt too wide) in paragraph at lines 2293--2293
[]                                                                             
                           []\T1/cmtt/m/n/9 rep[][]([][]"#b3e2cd"[][],[][]5[][]
),[][] 
 []


Overfull \hbox (92.6124pt too wide) in paragraph at lines 2294--2294
[]                                                                             
                           []\T1/cmtt/m/n/9 rep[][]([][]"#e5d8bd"[][],[][]5[][]
)),[][] 
 []

! Dimension too large.
\fb@put@frame ...p \ifdim \dimen@ >\ht \@tempboxa 
                                                  \fb@putboxa #1\fb@afterfra...
l.3391 \end{kframe}
                   
I can't work with sizes bigger than about 19 feet.
Continue and I'll use the largest value I can.

[31

]
! Dimension too large.
\fb@put@frame ...p \ifdim \dimen@ >\ht \@tempboxa 
                                                  \fb@putboxa #1\fb@afterfra...
l.3391 \end{kframe}
                   
I can't work with sizes bigger than about 19 feet.
Continue and I'll use the largest value I can.


Underfull \vbox (badness 10000) detected at line 3391
 []


Underfull \vbox (badness 10000) detected at line 3391
 []

[32]
! Dimension too large.
\fb@put@frame ...p \ifdim \dimen@ >\ht \@tempboxa 
                                                  \fb@putboxa #1\fb@afterfra...
l.3391 \end{kframe}
                   
I can't work with sizes bigger than about 19 feet.
Continue and I'll use the largest value I can.


Underfull \vbox (badness 10000) detected at line 3391
 []


Underfull \vbox (badness 10000) detected at line 3391
 []

[33]
! Dimension too large.
\fb@put@frame ...p \ifdim \dimen@ >\ht \@tempboxa 
                                                  \fb@putboxa #1\fb@afterfra...
l.3391 \end{kframe}
                   
I can't work with sizes bigger than about 19 feet.
Continue and I'll use the largest value I can.


Underfull \vbox (badness 10000) detected at line 3391
 []


Underfull \vbox (badness 10000) detected at line 3391
 []

[34]
! Dimension too large.
\fb@put@frame ...p \ifdim \dimen@ >\ht \@tempboxa 
                                                  \fb@putboxa #1\fb@afterfra...
l.3391 \end{kframe}
                   
I can't work with sizes bigger than about 19 feet.
Continue and I'll use the largest value I can.


Underfull \vbox (badness 10000) detected at line 3391
 []


Underfull \vbox (badness 10000) detected at line 3391
 []

[35]
Underfull \vbox (badness 10000) detected at line 3391
 []


Underfull \vbox (badness 10000) detected at line 3391
 []

[36]
Underfull \vbox (badness 10000) detected at line 3391
 []


Underfull \vbox (badness 10000) detected at line 3391
 []

[37]
Underfull \vbox (badness 10000) detected at line 3391
 []


Underfull \vbox (badness 10000) detected at line 3391
 []

[38]
Underfull \vbox (badness 10000) detected at line 3391
 []


Underfull \vbox (badness 10000) detected at line 3391
 []

[39]
Underfull \vbox (badness 10000) detected at line 3391
 []


Underfull \vbox (badness 10000) detected at line 3391
 []

[40]
Underfull \vbox (badness 10000) detected at line 3391
 []


Underfull \vbox (badness 10000) detected at line 3391
 []

[41]
Underfull \vbox (badness 10000) detected at line 3391
 []


Underfull \vbox (badness 10000) detected at line 3391
 []

[42]
Underfull \vbox (badness 10000) detected at line 3391
 []


Underfull \vbox (badness 10000) detected at line 3391
 []

[43]
Underfull \vbox (badness 10000) detected at line 3391
 []


Underfull \vbox (badness 10000) detected at line 3391
 []

[44]
Underfull \vbox (badness 10000) detected at line 3391
 []


Underfull \vbox (badness 10000) detected at line 3391
 []

[45]
Underfull \vbox (badness 10000) detected at line 3391
 []


Underfull \vbox (badness 10000) detected at line 3391
 []

[46]
Underfull \vbox (badness 10000) detected at line 3391
 []


Underfull \vbox (badness 10000) detected at line 3391
 []

[47]
Underfull \vbox (badness 10000) detected at line 3391
 []


Underfull \vbox (badness 10000) detected at line 3391
 []

[48]
Underfull \vbox (badness 10000) detected at line 3391
 []


Underfull \vbox (badness 10000) detected at line 3391
 []

[49]
Underfull \vbox (badness 10000) detected at line 3391
 []


Underfull \vbox (badness 10000) detected at line 3391
 []

[50]
Underfull \vbox (badness 10000) detected at line 3391
 []


Underfull \vbox (badness 10000) detected at line 3391
 []

[51]
Underfull \vbox (badness 10000) detected at line 3391
 []


Underfull \vbox (badness 10000) detected at line 3391
 []

[52]
Underfull \vbox (badness 10000) detected at line 3391
 []


Underfull \vbox (badness 10000) detected at line 3391
 []

[53]
Underfull \vbox (badness 10000) detected at line 3391
 []


Underfull \vbox (badness 10000) detected at line 3391
 []

[54]
Underfull \vbox (badness 10000) detected at line 3391
 []


Underfull \vbox (badness 10000) detected at line 3391
 []

[55]
Underfull \vbox (badness 10000) detected at line 3391
 []


Underfull \vbox (badness 10000) detected at line 3391
 []

[56]
Underfull \vbox (badness 10000) detected at line 3391
 []


Underfull \vbox (badness 10000) detected at line 3391
 []

[57]
Underfull \vbox (badness 10000) detected at line 3391
 []


Underfull \vbox (badness 10000) detected at line 3391
 []

[58]
Underfull \vbox (badness 10000) detected at line 3391
 []


Underfull \vbox (badness 10000) detected at line 3391
 []

[59]

Package natbib Warning: There were undefined citations.

Package atveryend Info: Empty hook `BeforeClearDocument' on input line 3395.
[60]
Package atveryend Info: Empty hook `AfterLastShipout' on input line 3395.
 (report_STA490_xijin.aux)
Package atveryend Info: Executing hook `AtVeryEndDocument' on input line 3395.
Package atveryend Info: Executing hook `AtEndAfterFileList' on input line 3395.



Package rerunfilecheck Warning: File `report_STA490_xijin.out' has changed.
(rerunfilecheck)                Rerun to get outlines right
(rerunfilecheck)                or use package `bookmark'.

Package rerunfilecheck Info: Checksums for `report_STA490_xijin.out':
(rerunfilecheck)             Before: <no file>
(rerunfilecheck)             After:  58D34599C81255BD9CF180C29415ED58;374.

LaTeX Warning: There were undefined references.


LaTeX Warning: Label(s) may have changed. Rerun to get cross-references right.

Package atveryend Info: Empty hook `AtVeryVeryEnd' on input line 3395.
 )
(\end occurred inside a group at level 1)

### simple group (level 1) entered at line 1675 ({)
### bottom level 
Here is how much of TeX's memory you used:
 9539 strings out of 492895
 143351 string characters out of 3123735
 978234 words of memory out of 3000000
 13080 multiletter control sequences out of 15000+200000
 69168 words of font info for 112 fonts, out of 3000000 for 9000
 1141 hyphenation exceptions out of 8191
 60i,11n,97p,879b,419s stack positions out of 5000i,500n,10000p,200000b,50000s
 <C:\Users\chenx\AppData\Local\MiKTeX\2.9\fonts/pk/ljfour/jknap
pen/ec/dpi600\tctt0900.pk> <C:\Users\chenx\AppData\Local\MiKTeX\2.9\fonts/pk/lj
four/jknappen/ec/dpi600\ectt0900.pk> <C:\Users\chenx\AppData\Local\MiKTeX\2.9\f
onts/pk/ljfour/jknappen/ec/dpi600\ecit0900.pk>{C:/Users/chenx/AppData/Local/Pro
grams/MiKTeX 2.9/fonts/enc/dvips/base/8r.enc}<C:/Users/chenx/AppData/Local/Prog
rams/MiKTeX 2.9/fonts/type1/public/amsfonts/cm/cmmi10.pfb><C:/Users/chenx/AppDa
ta/Local/Programs/MiKTeX 2.9/fonts/type1/public/amsfonts/cm/cmr10.pfb><C:/Users
/chenx/AppData/Local/Programs/MiKTeX 2.9/fonts/type1/urw/helvetic/uhvb8a.pfb><C
:/Users/chenx/AppData/Local/Programs/MiKTeX 2.9/fonts/type1/urw/helvetic/uhvr8a
.pfb><C:/Users/chenx/AppData/Local/Programs/MiKTeX 2.9/fonts/type1/urw/helvetic
/uhvro8a.pfb><C:/Users/chenx/AppData/Local/Programs/MiKTeX 2.9/fonts/type1/urw/
palatino/uplb8a.pfb><C:/Users/chenx/AppData/Local/Programs/MiKTeX 2.9/fonts/typ
e1/urw/palatino/uplr8a.pfb><C:/Users/chenx/AppData/Local/Programs/MiKTeX 2.9/fo
nts/type1/urw/palatino/uplri8a.pfb>
Output written on report_STA490_xijin.pdf (60 pages, 471010 bytes).
PDF statistics:
 735 PDF objects out of 1000 (max. 8388607)
 163 named destinations out of 1000 (max. 500000)
 56 words of extra memory for PDF output out of 10000 (max. 10000000)

